<?xml version="1.0" encoding="UTF-8"?>
<testng-results ignored="0" total="1" passed="1" failed="0" skipped="0">
  <reporter-output>
  </reporter-output>
  <suite started-at="2022-01-16T14:55:28 EST" name="Default suite" finished-at="2022-01-16T14:55:43 EST" duration-ms="14481">
    <groups>
    </groups>
    <test started-at="2022-01-16T14:55:28 EST" name="Default test" finished-at="2022-01-16T14:55:43 EST" duration-ms="14481">
      <class name="Selenium.Selpra.homepage">
        <test-method is-config="true" signature="startup()[pri:0, instance:Selenium.Selpra.homepage@ef9296d]" started-at="2022-01-16T14:55:28 EST" name="startup" finished-at="2022-01-16T14:55:32 EST" duration-ms="3655" status="PASS">
          <reporter-output>
          </reporter-output>
        </test-method> <!-- startup -->
        <test-method signature="homepageclick()[pri:0, instance:Selenium.Selpra.homepage@ef9296d]" started-at="2022-01-16T14:55:32 EST" name="homepageclick" finished-at="2022-01-16T14:55:43 EST" duration-ms="10784" status="PASS">
          <reporter-output>
          </reporter-output>
        </test-method> <!-- homepageclick -->
      </class> <!-- Selenium.Selpra.homepage -->
    </test> <!-- Default test -->
  </suite> <!-- Default suite -->
</testng-results>
